2024-04-16 19:59:42,766:INFO: Epoch: 1 - loss: 1.6289413246 - test_loss: 1.4644106627
2024-04-16 19:59:42,816:INFO: -------- Save Best Model! --------
2024-04-16 19:59:46,260:INFO: Epoch: 2 - loss: 1.2896098527 - test_loss: 1.1973972321
2024-04-16 19:59:46,324:INFO: -------- Save Best Model! --------
2024-04-16 19:59:49,325:INFO: Epoch: 3 - loss: 1.1047447724 - test_loss: 1.0758422613
2024-04-16 19:59:49,391:INFO: -------- Save Best Model! --------
2024-04-16 19:59:52,812:INFO: Epoch: 4 - loss: 0.9794901891 - test_loss: 0.9382777214
2024-04-16 19:59:52,875:INFO: -------- Save Best Model! --------
2024-04-16 19:59:55,977:INFO: Epoch: 5 - loss: 0.8838772204 - test_loss: 0.8741217852
2024-04-16 19:59:56,041:INFO: -------- Save Best Model! --------
2024-04-16 19:59:59,118:INFO: Epoch: 6 - loss: 0.8148789705 - test_loss: 0.8512146473
2024-04-16 19:59:59,181:INFO: -------- Save Best Model! --------
2024-04-16 20:00:02,221:INFO: Epoch: 7 - loss: 0.7541477513 - test_loss: 0.7618322372
2024-04-16 20:00:02,285:INFO: -------- Save Best Model! --------
2024-04-16 20:00:05,586:INFO: Epoch: 8 - loss: 0.7124190282 - test_loss: 0.8306993246
2024-04-16 20:00:05,586:INFO: Early Stop Left: 9
2024-04-16 20:00:09,099:INFO: Epoch: 9 - loss: 0.6771203430 - test_loss: 0.7139390111
2024-04-16 20:00:09,162:INFO: -------- Save Best Model! --------
2024-04-16 20:00:12,711:INFO: Epoch: 10 - loss: 0.6366867683 - test_loss: 0.7111837268
2024-04-16 20:00:12,774:INFO: -------- Save Best Model! --------
2024-04-16 20:00:16,197:INFO: Epoch: 11 - loss: 0.6147197515 - test_loss: 0.6842983961
2024-04-16 20:00:16,259:INFO: -------- Save Best Model! --------
2024-04-16 20:00:19,387:INFO: Epoch: 12 - loss: 0.5866678385 - test_loss: 0.6428605914
2024-04-16 20:00:19,448:INFO: -------- Save Best Model! --------
2024-04-16 20:00:22,369:INFO: Epoch: 13 - loss: 0.5685207704 - test_loss: 0.6729596257
2024-04-16 20:00:22,369:INFO: Early Stop Left: 9
2024-04-16 20:00:25,341:INFO: Epoch: 14 - loss: 0.5456027907 - test_loss: 0.6273210645
2024-04-16 20:00:25,406:INFO: -------- Save Best Model! --------
2024-04-16 20:00:28,485:INFO: Epoch: 15 - loss: 0.5273440823 - test_loss: 0.6186371446
2024-04-16 20:00:28,547:INFO: -------- Save Best Model! --------
2024-04-16 20:00:31,595:INFO: Epoch: 16 - loss: 0.5119986344 - test_loss: 0.6114522219
2024-04-16 20:00:31,658:INFO: -------- Save Best Model! --------
2024-04-16 20:00:34,580:INFO: Epoch: 17 - loss: 0.4966444983 - test_loss: 0.5846216083
2024-04-16 20:00:34,643:INFO: -------- Save Best Model! --------
2024-04-16 20:00:37,728:INFO: Epoch: 18 - loss: 0.4805517441 - test_loss: 0.5460814834
2024-04-16 20:00:37,791:INFO: -------- Save Best Model! --------
2024-04-16 20:00:41,013:INFO: Epoch: 19 - loss: 0.4647615978 - test_loss: 0.5912422538
2024-04-16 20:00:41,013:INFO: Early Stop Left: 9
2024-04-16 20:00:44,311:INFO: Epoch: 20 - loss: 0.4463056442 - test_loss: 0.5684762597
2024-04-16 20:00:44,311:INFO: Early Stop Left: 8
2024-04-16 20:00:47,789:INFO: Epoch: 21 - loss: 0.4370728043 - test_loss: 0.5664098859
2024-04-16 20:00:47,789:INFO: Early Stop Left: 7
2024-04-16 20:00:50,766:INFO: Epoch: 22 - loss: 0.4234278033 - test_loss: 0.5688109398
2024-04-16 20:00:50,766:INFO: Early Stop Left: 6
2024-04-16 20:00:54,401:INFO: Epoch: 23 - loss: 0.4151584828 - test_loss: 0.5594788790
2024-04-16 20:00:54,401:INFO: Early Stop Left: 5
2024-04-16 20:00:57,417:INFO: Epoch: 24 - loss: 0.3943432178 - test_loss: 0.5530363321
2024-04-16 20:00:57,417:INFO: Early Stop Left: 4
2024-04-16 20:01:00,691:INFO: Epoch: 25 - loss: 0.3887281406 - test_loss: 0.5427241921
2024-04-16 20:01:00,754:INFO: -------- Save Best Model! --------
2024-04-16 20:01:04,356:INFO: Epoch: 26 - loss: 0.3809553655 - test_loss: 0.5337048173
2024-04-16 20:01:04,419:INFO: -------- Save Best Model! --------
2024-04-16 20:01:07,356:INFO: Epoch: 27 - loss: 0.3722767207 - test_loss: 0.5506082177
2024-04-16 20:01:07,356:INFO: Early Stop Left: 9
2024-04-16 20:01:10,545:INFO: Epoch: 28 - loss: 0.3605559518 - test_loss: 0.5354551077
2024-04-16 20:01:10,545:INFO: Early Stop Left: 8
2024-04-16 20:01:13,839:INFO: Epoch: 29 - loss: 0.3544312135 - test_loss: 0.5871784687
2024-04-16 20:01:13,839:INFO: Early Stop Left: 7
2024-04-16 20:01:16,941:INFO: Epoch: 30 - loss: 0.3424748421 - test_loss: 0.5197631121
2024-04-16 20:01:17,004:INFO: -------- Save Best Model! --------
2024-04-16 20:01:20,044:INFO: Epoch: 31 - loss: 0.3353537247 - test_loss: 0.5330547094
2024-04-16 20:01:20,044:INFO: Early Stop Left: 9
2024-04-16 20:01:23,070:INFO: Epoch: 32 - loss: 0.3271310342 - test_loss: 0.5549694896
2024-04-16 20:01:23,070:INFO: Early Stop Left: 8
2024-04-16 20:01:26,084:INFO: Epoch: 33 - loss: 0.3178550110 - test_loss: 0.5152923465
2024-04-16 20:01:26,147:INFO: -------- Save Best Model! --------
2024-04-16 20:01:29,112:INFO: Epoch: 34 - loss: 0.3080950934 - test_loss: 0.5165066719
2024-04-16 20:01:29,112:INFO: Early Stop Left: 9
2024-04-16 20:01:32,849:INFO: Epoch: 35 - loss: 0.3069158487 - test_loss: 0.5446712971
2024-04-16 20:01:32,849:INFO: Early Stop Left: 8
2024-04-16 20:01:36,564:INFO: Epoch: 36 - loss: 0.3001028683 - test_loss: 0.4980071485
2024-04-16 20:01:36,627:INFO: -------- Save Best Model! --------
2024-04-16 20:01:40,184:INFO: Epoch: 37 - loss: 0.2881703465 - test_loss: 0.5436320901
2024-04-16 20:01:40,184:INFO: Early Stop Left: 9
2024-04-16 20:01:43,335:INFO: Epoch: 38 - loss: 0.2809733426 - test_loss: 0.5336048603
2024-04-16 20:01:43,335:INFO: Early Stop Left: 8
2024-04-16 20:01:46,247:INFO: Epoch: 39 - loss: 0.2772991850 - test_loss: 0.5155029893
2024-04-16 20:01:46,248:INFO: Early Stop Left: 7
2024-04-16 20:01:49,272:INFO: Epoch: 40 - loss: 0.2722648268 - test_loss: 0.5435492992
2024-04-16 20:01:49,272:INFO: Early Stop Left: 6
2024-04-16 20:01:52,296:INFO: Epoch: 41 - loss: 0.2642561116 - test_loss: 0.5032319427
2024-04-16 20:01:52,296:INFO: Early Stop Left: 5
2024-04-16 20:01:55,289:INFO: Epoch: 42 - loss: 0.2583957801 - test_loss: 0.5381019115
2024-04-16 20:01:55,290:INFO: Early Stop Left: 4
2024-04-16 20:01:58,929:INFO: Epoch: 43 - loss: 0.2523606587 - test_loss: 0.5214238167
2024-04-16 20:01:58,929:INFO: Early Stop Left: 3
2024-04-16 20:02:02,224:INFO: Epoch: 44 - loss: 0.2475376921 - test_loss: 0.5089204907
2024-04-16 20:02:02,224:INFO: Early Stop Left: 2
2024-04-16 20:02:05,928:INFO: Epoch: 45 - loss: 0.2445566444 - test_loss: 0.5242319107
2024-04-16 20:02:05,928:INFO: Early Stop Left: 1
2024-04-16 20:02:09,595:INFO: Epoch: 46 - loss: 0.2337733099 - test_loss: 0.5377408862
2024-04-16 20:02:09,595:INFO: Early Stop Left: 0
2024-04-16 20:02:09,595:INFO: -------- Early Stop! --------
2024-04-16 20:02:10,161:INFO: Accuracy: 0.8417000000
2024-04-16 20:02:10,161:INFO: Precision: 0.8417000000, Recall: 0.8417000000, F1: 0.8417000000
